<?xml version="1.0" encoding="UTF-8"?>
<!-- Generated by org.testng.reporters.JUnitXMLReporter -->
<testsuite ignored="0" hostname="DESKTOP-VO9CVPG" failures="1" tests="1" name="Cucumber Test" time="26.851" errors="0" timestamp="2025-07-06T00:25:06 IST">
  <testcase classname="io.cucumber.testng.AbstractTestNGCucumberTests" name="runScenario" time="24.672">
    <failure type="java.lang.AssertionError" message="expected [true] but found [false]">
      <![CDATA[java.lang.AssertionError: expected [true] but found [false]
at com.aniket.stepDefinitions.HomePageSteps.employee_should_be_added_and_Personal_Details_page_should_be_displayed(HomePageSteps.java:64)
at ✽.employee should be added and Personal Details page should be displayed(file:///C:/Personal%20Project/mini_project/src/test/resources/features/AddEmployee.feature:10)
... Removed 4 stack frames]]>
    </failure>
  </testcase> <!-- runScenario -->
</testsuite> <!-- Cucumber Test -->
