<?xml version="1.0" encoding="UTF-8"?>
<!-- Generated by org.testng.reporters.JUnitXMLReporter -->
<testsuite ignored="0" hostname="DESKTOP-VO9CVPG" failures="1" tests="1" name="Cucumber Test" time="18.637" errors="0" timestamp="2025-06-16T20:02:07 IST">
  <testcase classname="io.cucumber.testng.AbstractTestNGCucumberTests" name="runScenario" time="17.141">
    <failure type="java.lang.AssertionError" message="Home page is not opened expected [true] but found [false]">
      <![CDATA[java.lang.AssertionError: Home page is not opened expected [true] but found [false]
at com.aniket.stepDefinitions.LoginSteps.user_should_navigated_to_home_page(LoginSteps.java:60)
at ✽.user should navigated to home page(file:///C:/Personal%20Project/mini_project/src/test/resources/features/Login.feature:8)
... Removed 3 stack frames]]>
    </failure>
  </testcase> <!-- runScenario -->
</testsuite> <!-- Cucumber Test -->
