<?xml version="1.0" encoding="UTF-8"?>
<testsuite xmlns:xsi="http://www.w3.org/2001/XMLSchema-instance" xsi:noNamespaceSchemaLocation="https://maven.apache.org/surefire/maven-surefire-plugin/xsd/surefire-test-report-3.0.xsd" version="3.0" name="TestSuite" time="19.569" tests="1" errors="0" skipped="0" failures="1">
  <properties>
[...]
</properties>
  <testcase name="runScenario[&quot;Successfull login with valid credentials&quot;, &quot;Login Functonality&quot;](1)" classname="com.aniket.Runners.TestRunner" time="17.151">
    <failure message="Home page is not opened expected [true] but found [false]" type="java.lang.AssertionError"><![CDATA[java.lang.AssertionError: Home page is not opened expected [true] but found [false]
	at org.testng.Assert.fail(Assert.java:111)
	at org.testng.Assert.failNotEquals(Assert.java:1578)
	at org.testng.Assert.assertTrue(Assert.java:57)
	at com.aniket.stepDefinitions.LoginSteps.user_should_navigated_to_home_page(LoginSteps.java:60)
	at ✽.user should navigated to home page(file:///C:/Personal%20Project/mini_project/src/test/resources/features/Login.feature:8)
]]></failure>
    <system-out><![CDATA[
@Login @Login_Pass
Scenario: Successfull login with valid credentials &amp#27;[90m# src/test/resources/features/Login.feature:4&amp#27;[0m
Setup Done using Hooks
  &amp#27;[32mGiven &amp#27;[0m&amp#27;[32mUser is on login page&amp#27;[0m                      &amp#27;[90m# com.aniket.stepDefinitions.LoginSteps.User_is_on_login_page()&amp#27;[0m
2025-06-16T14:31:56.346139100Z main ERROR Log4j API could not find a logging provider.
  &amp#27;[32mWhen &amp#27;[0m&amp#27;[32muser enters valid credentials&amp#27;[0m               &amp#27;[90m# com.aniket.stepDefinitions.LoginSteps.user_enters_valid_credentials()&amp#27;[0m
  &amp#27;[32mAnd &amp#27;[0m&amp#27;[32mclicks on login button&amp#27;[0m                       &amp#27;[90m# com.aniket.stepDefinitions.LoginSteps.clicks_on_login_button()&amp#27;[0m
HomePage failed to load within the timeout
Screenshot saved at: C:\Personal Project\mini_project/screenshots/Navigate to home_1750084326373.png
  &amp#27;[31mThen &amp#27;[0m&amp#27;[31muser should navigated to home page&amp#27;[0m          &amp#27;[90m# com.aniket.stepDefinitions.LoginSteps.user_should_navigated_to_home_page()&amp#27;[0m
      &amp#27;[31mjava.lang.AssertionError: Home page is not opened expected [true] but found [false]
      	at org.testng.Assert.fail(Assert.java:111)
      	at org.testng.Assert.failNotEquals(Assert.java:1578)
      	at org.testng.Assert.assertTrue(Assert.java:57)
      	at com.aniket.stepDefinitions.LoginSteps.user_should_navigated_to_home_page(LoginSteps.java:60)
      	at ✽.user should navigated to home page(file:///C:/Personal%20Project/mini_project/src/test/resources/features/Login.feature:8)&amp#27;[0m
]]></system-out>
    <system-err><![CDATA[SLF4J: Failed to load class "org.slf4j.impl.StaticLoggerBinder".
SLF4J: Defaulting to no-operation (NOP) logger implementation
SLF4J: See http://www.slf4j.org/codes.html#StaticLoggerBinder for further details.
Jun 16, 2025 8:01:52 PM org.openqa.selenium.devtools.CdpVersionFinder findNearestMatch
WARNING: Unable to find an exact match for CDP version 137, returning the closest version; found: 135; Please update to a Selenium version that supports CDP version 137
]]></system-err>
  </testcase>
</testsuite>