<?xml version="1.0" encoding="UTF-8"?>
<testng-results ignored="0" total="2" passed="2" failed="0" skipped="0">
  <reporter-output>
  </reporter-output>
  <suite started-at="2025-04-20T15:51:25 IST" name="BDD Suite" finished-at="2025-04-20T15:52:01 IST" duration-ms="36694">
    <groups>
      <group name="cucumber">
        <method signature="AbstractTestNGCucumberTests.runScenario(io.cucumber.testng.PickleWrapper,io.cucumber.testng.FeatureWrapper)[pri:0, instance:com.aniket.Runners.TestRunner@65fb9ffc]" name="runScenario" class="io.cucumber.testng.AbstractTestNGCucumberTests"/>
      </group> <!-- cucumber -->
    </groups>
    <test started-at="2025-04-20T15:51:25 IST" name="Cucumber Test" finished-at="2025-04-20T15:52:01 IST" duration-ms="36694">
      <class name="com.aniket.Runners.TestRunner">
        <test-method is-config="true" signature="setUpClass(org.testng.ITestContext)[pri:0, instance:com.aniket.Runners.TestRunner@65fb9ffc]" started-at="2025-04-20T15:51:25 IST" name="setUpClass" finished-at="2025-04-20T15:51:25 IST" duration-ms="818" status="PASS">
          <params>
            <param index="0">
              <value>
                <![CDATA[org.testng.TestRunner@687e6293]]>
              </value>
            </param>
          </params>
          <reporter-output>
          </reporter-output>
        </test-method> <!-- setUpClass -->
        <test-method is-config="true" signature="beforeClass()[pri:0, instance:com.aniket.Runners.TestRunner@65fb9ffc]" started-at="2025-04-20T15:51:25 IST" name="beforeClass" finished-at="2025-04-20T15:51:25 IST" duration-ms="1" status="PASS">
          <reporter-output>
          </reporter-output>
        </test-method> <!-- beforeClass -->
        <test-method signature="runScenario(io.cucumber.testng.PickleWrapper,io.cucumber.testng.FeatureWrapper)[pri:0, instance:com.aniket.Runners.TestRunner@65fb9ffc]" started-at="2025-04-20T15:51:25 IST" name="runScenario" description="Runs Cucumber Scenarios" data-provider="scenarios" finished-at="2025-04-20T15:51:40 IST" duration-ms="14589" status="PASS">
          <params>
            <param index="0">
              <value>
                <![CDATA["Successfull login with valid credentials"]]>
              </value>
            </param>
            <param index="1">
              <value>
                <![CDATA["Login Functonality"]]>
              </value>
            </param>
          </params>
          <reporter-output>
          </reporter-output>
        </test-method> <!-- runScenario -->
        <test-method signature="runScenario(io.cucumber.testng.PickleWrapper,io.cucumber.testng.FeatureWrapper)[pri:0, instance:com.aniket.Runners.TestRunner@65fb9ffc]" started-at="2025-04-20T15:51:40 IST" name="runScenario" description="Runs Cucumber Scenarios" data-provider="scenarios" finished-at="2025-04-20T15:52:01 IST" duration-ms="21184" status="PASS">
          <params>
            <param index="0">
              <value>
                <![CDATA["Unsuccessfull login with invalid credentials"]]>
              </value>
            </param>
            <param index="1">
              <value>
                <![CDATA["Login Functonality"]]>
              </value>
            </param>
          </params>
          <reporter-output>
          </reporter-output>
        </test-method> <!-- runScenario -->
        <test-method is-config="true" signature="tearDownClass()[pri:0, instance:com.aniket.Runners.TestRunner@65fb9ffc]" started-at="2025-04-20T15:52:01 IST" name="tearDownClass" finished-at="2025-04-20T15:52:01 IST" duration-ms="40" status="PASS">
          <reporter-output>
          </reporter-output>
        </test-method> <!-- tearDownClass -->
      </class> <!-- com.aniket.Runners.TestRunner -->
    </test> <!-- Cucumber Test -->
  </suite> <!-- BDD Suite -->
</testng-results>
